# JRE version: Java(TM) SE Runtime Environment (8.0_74-b02) (build 1.8.0_74-b02)
# Java VM: Java HotSpot(TM) 64-Bit Server VM (25.74-b02 mixed mode windows-amd64 compressed oops)
Heap:
 PSYoungGen      total 123392K, used 78698K [0x000000076b000000, 0x0000000774280000, 0x00000007c0000000)
  eden space 115200K, 61% used [0x000000076b000000,0x000000076f4fbbd0,0x0000000772080000)
  from space 8192K, 98% used [0x0000000773a80000,0x000000077425ed60,0x0000000774280000)
  to   space 10752K, 0% used [0x0000000772d80000,0x0000000772d80000,0x0000000773800000)
 ParOldGen       total 93184K, used 9006K [0x00000006c1000000, 0x00000006c6b00000, 0x000000076b000000)
  object space 93184K, 9% used [0x00000006c1000000,0x00000006c18cb910,0x00000006c6b00000)
 Metaspace       used 29099K, capacity 29462K, committed 29952K, reserved 1075200K
  class space    used 3653K, capacity 3760K, committed 3840K, reserved 1048576K
GC Heap History (10 events):
Event: 1.862 GC heap before
{Heap before GC invocations=1 (full 0):
 PSYoungGen      total 76288K, used 65536K [0x000000076b000000, 0x0000000770500000, 0x00000007c0000000)
  eden space 65536K, 100% used [0x000000076b000000,0x000000076f000000,0x000000076f000000)
  from space 10752K, 0% used [0x000000076fa80000,0x000000076fa80000,0x0000000770500000)
  to   space 10752K, 0% used [0x000000076f000000,0x000000076f000000,0x000000076fa80000)
 ParOldGen       total 175104K, used 0K [0x00000006c1000000, 0x00000006cbb00000, 0x000000076b000000)
  object space 175104K, 0% used [0x00000006c1000000,0x00000006c1000000,0x00000006cbb00000)
 Metaspace       used 17142K, capacity 17380K, committed 17664K, reserved 1064960K
  class space    used 2167K, capacity 2248K, committed 2304K, reserved 1048576K
Event: 1.875 GC heap after
Heap after GC invocations=1 (full 0):
 PSYoungGen      total 76288K, used 10729K [0x000000076b000000, 0x0000000770500000, 0x00000007c0000000)
  eden space 65536K, 0% used [0x000000076b000000,0x000000076b000000,0x000000076f000000)
  from space 10752K, 99% used [0x000000076f000000,0x000000076fa7a440,0x000000076fa80000)
  to   space 10752K, 0% used [0x000000076fa80000,0x000000076fa80000,0x0000000770500000)
 ParOldGen       total 175104K, used 1667K [0x00000006c1000000, 0x00000006cbb00000, 0x000000076b000000)
  object space 175104K, 0% used [0x00000006c1000000,0x00000006c11a0cb8,0x00000006cbb00000)
 Metaspace       used 17142K, capacity 17380K, committed 17664K, reserved 1064960K
  class space    used 2167K, capacity 2248K, committed 2304K, reserved 1048576K
}
Event: 3.081 GC heap before
{Heap before GC invocations=2 (full 0):
 PSYoungGen      total 76288K, used 76265K [0x000000076b000000, 0x0000000770500000, 0x00000007c0000000)
  eden space 65536K, 100% used [0x000000076b000000,0x000000076f000000,0x000000076f000000)
  from space 10752K, 99% used [0x000000076f000000,0x000000076fa7a440,0x000000076fa80000)
  to   space 10752K, 0% used [0x000000076fa80000,0x000000076fa80000,0x0000000770500000)
 ParOldGen       total 175104K, used 1667K [0x00000006c1000000, 0x00000006cbb00000, 0x000000076b000000)
  object space 175104K, 0% used [0x00000006c1000000,0x00000006c11a0cb8,0x00000006cbb00000)
 Metaspace       used 20392K, capacity 20730K, committed 20864K, reserved 1067008K
  class space    used 2572K, capacity 2673K, committed 2688K, reserved 1048576K
Event: 3.101 GC heap after
Heap after GC invocations=2 (full 0):
 PSYoungGen      total 76288K, used 10729K [0x000000076b000000, 0x0000000774500000, 0x00000007c0000000)
  eden space 65536K, 0% used [0x000000076b000000,0x000000076b000000,0x000000076f000000)
  from space 10752K, 99% used [0x000000076fa80000,0x00000007704fa740,0x0000000770500000)
  to   space 10752K, 0% used [0x000000076f000000,0x000000076f000000,0x000000076fa80000)
 ParOldGen       total 175104K, used 4209K [0x00000006c1000000, 0x00000006cbb00000, 0x000000076b000000)
  object space 175104K, 2% used [0x00000006c1000000,0x00000006c141c638,0x00000006cbb00000)
 Metaspace       used 20392K, capacity 20730K, committed 20864K, reserved 1067008K
  class space    used 2572K, capacity 2673K, committed 2688K, reserved 1048576K
}
Event: 3.168 GC heap before
{Heap before GC invocations=3 (full 0):
 PSYoungGen      total 76288K, used 14569K [0x000000076b000000, 0x0000000774500000, 0x00000007c0000000)
  eden space 65536K, 5% used [0x000000076b000000,0x000000076b3bfdf0,0x000000076f000000)
  from space 10752K, 99% used [0x000000076fa80000,0x00000007704fa740,0x0000000770500000)
  to   space 10752K, 0% used [0x000000076f000000,0x000000076f000000,0x000000076fa80000)
 ParOldGen       total 175104K, used 4209K [0x00000006c1000000, 0x00000006cbb00000, 0x000000076b000000)
  object space 175104K, 2% used [0x00000006c1000000,0x00000006c141c638,0x00000006cbb00000)
 Metaspace       used 20761K, capacity 21018K, committed 21248K, reserved 1067008K
  class space    used 2624K, capacity 2705K, committed 2816K, reserved 1048576K
Event: 3.176 GC heap after
Heap after GC invocations=3 (full 0):
 PSYoungGen      total 76288K, used 9146K [0x000000076b000000, 0x0000000774500000, 0x00000007c0000000)
  eden space 65536K, 0% used [0x000000076b000000,0x000000076b000000,0x000000076f000000)
  from space 10752K, 85% used [0x000000076f000000,0x000000076f8eeb10,0x000000076fa80000)
  to   space 10752K, 0% used [0x0000000773a80000,0x0000000773a80000,0x0000000774500000)
 ParOldGen       total 175104K, used 4217K [0x00000006c1000000, 0x00000006cbb00000, 0x000000076b000000)
  object space 175104K, 2% used [0x00000006c1000000,0x00000006c141e638,0x00000006cbb00000)
 Metaspace       used 20761K, capacity 21018K, committed 21248K, reserved 1067008K
  class space    used 2624K, capacity 2705K, committed 2816K, reserved 1048576K
}
Event: 3.176 GC heap before
{Heap before GC invocations=4 (full 1):
 PSYoungGen      total 76288K, used 9146K [0x000000076b000000, 0x0000000774500000, 0x00000007c0000000)
  eden space 65536K, 0% used [0x000000076b000000,0x000000076b000000,0x000000076f000000)
  from space 10752K, 85% used [0x000000076f000000,0x000000076f8eeb10,0x000000076fa80000)
  to   space 10752K, 0% used [0x0000000773a80000,0x0000000773a80000,0x0000000774500000)
 ParOldGen       total 175104K, used 4217K [0x00000006c1000000, 0x00000006cbb00000, 0x000000076b000000)
  object space 175104K, 2% used [0x00000006c1000000,0x00000006c141e638,0x00000006cbb00000)
 Metaspace       used 20761K, capacity 21018K, committed 21248K, reserved 1067008K
  class space    used 2624K, capacity 2705K, committed 2816K, reserved 1048576K
Event: 3.214 GC heap after
Heap after GC invocations=4 (full 1):
 PSYoungGen      total 76288K, used 0K [0x000000076b000000, 0x0000000774500000, 0x00000007c0000000)
  eden space 65536K, 0% used [0x000000076b000000,0x000000076b000000,0x000000076f000000)
  from space 10752K, 0% used [0x000000076f000000,0x000000076f000000,0x000000076fa80000)
  to   space 10752K, 0% used [0x0000000773a80000,0x0000000773a80000,0x0000000774500000)
 ParOldGen       total 93184K, used 8998K [0x00000006c1000000, 0x00000006c6b00000, 0x000000076b000000)
  object space 93184K, 9% used [0x00000006c1000000,0x00000006c18c9910,0x00000006c6b00000)
 Metaspace       used 20761K, capacity 21018K, committed 21248K, reserved 1067008K
  class space    used 2624K, capacity 2705K, committed 2816K, reserved 1048576K
}
Event: 4.716 GC heap before
{Heap before GC invocations=5 (full 1):
 PSYoungGen      total 76288K, used 65536K [0x000000076b000000, 0x0000000774500000, 0x00000007c0000000)
  eden space 65536K, 100% used [0x000000076b000000,0x000000076f000000,0x000000076f000000)
  from space 10752K, 0% used [0x000000076f000000,0x000000076f000000,0x000000076fa80000)
  to   space 10752K, 0% used [0x0000000773a80000,0x0000000773a80000,0x0000000774500000)
 ParOldGen       total 93184K, used 8998K [0x00000006c1000000, 0x00000006c6b00000, 0x000000076b000000)
  object space 93184K, 9% used [0x00000006c1000000,0x00000006c18c9910,0x00000006c6b00000)
 Metaspace       used 26067K, capacity 26366K, committed 26752K, reserved 1073152K
  class space    used 3271K, capacity 3351K, committed 3456K, reserved 1048576K
Event: 4.757 GC heap after
Heap after GC invocations=5 (full 1):
 PSYoungGen      total 123392K, used 8059K [0x000000076b000000, 0x0000000774280000, 0x00000007c0000000)
  eden space 115200K, 0% used [0x000000076b000000,0x000000076b000000,0x0000000772080000)
  from space 8192K, 98% used [0x0000000773a80000,0x000000077425ed60,0x0000000774280000)
  to   space 10752K, 0% used [0x0000000772d80000,0x0000000772d80000,0x0000000773800000)
 ParOldGen       total 93184K, used 9006K [0x00000006c1000000, 0x00000006c6b00000, 0x000000076b000000)
  object space 93184K, 9% used [0x00000006c1000000,0x00000006c18cb910,0x00000006c6b00000)
 Metaspace       used 26067K, capacity 26366K, committed 26752K, reserved 1073152K
  class space    used 3271K, capacity 3351K, committed 3456K, reserved 1048576K
}

